Determining if the pthread_create exist failed with the following output:
Change Dir: /home/dennis/Documents/phd/courses/topics-in-computer-graphics/project/code/repo/pbrt-v3/build/CMakeFiles/CMakeTmp

Run Build Command:"/usr/bin/make" "cmTC_5eeb1/fast"
/usr/bin/make -f CMakeFiles/cmTC_5eeb1.dir/build.make CMakeFiles/cmTC_5eeb1.dir/build
make[1]: Entering directory '/home/dennis/Documents/phd/courses/topics-in-computer-graphics/project/code/repo/pbrt-v3/build/CMakeFiles/CMakeTmp'
Building C object CMakeFiles/cmTC_5eeb1.dir/CheckSymbolExists.c.o
/usr/bin/cc    -o CMakeFiles/cmTC_5eeb1.dir/CheckSymbolExists.c.o   -c /home/dennis/Documents/phd/courses/topics-in-computer-graphics/project/code/repo/pbrt-v3/build/CMakeFiles/CMakeTmp/CheckSymbolExists.c
Linking C executable cmTC_5eeb1
/usr/bin/cmake -E cmake_link_script CMakeFiles/cmTC_5eeb1.dir/link.txt --verbose=1
/usr/bin/cc      -rdynamic CMakeFiles/cmTC_5eeb1.dir/CheckSymbolExists.c.o  -o cmTC_5eeb1 
/usr/bin/ld: CMakeFiles/cmTC_5eeb1.dir/CheckSymbolExists.c.o: in function `main':
CheckSymbolExists.c:(.text+0x1b): undefined reference to `pthread_create'
collect2: error: ld returned 1 exit status
make[1]: *** [CMakeFiles/cmTC_5eeb1.dir/build.make:87: cmTC_5eeb1] Error 1
make[1]: Leaving directory '/home/dennis/Documents/phd/courses/topics-in-computer-graphics/project/code/repo/pbrt-v3/build/CMakeFiles/CMakeTmp'
make: *** [Makefile:121: cmTC_5eeb1/fast] Error 2

File /home/dennis/Documents/phd/courses/topics-in-computer-graphics/project/code/repo/pbrt-v3/build/CMakeFiles/CMakeTmp/CheckSymbolExists.c:
/* */
#include <pthread.h>

int main(int argc, char** argv)
{
  (void)argv;
#ifndef pthread_create
  return ((int*)(&pthread_create))[argc];
#else
  (void)argc;
  return 0;
#endif
}

Determining if the function pthread_create exists in the pthreads failed with the following output:
Change Dir: /home/dennis/Documents/phd/courses/topics-in-computer-graphics/project/code/repo/pbrt-v3/build/CMakeFiles/CMakeTmp

Run Build Command:"/usr/bin/make" "cmTC_976ec/fast"
/usr/bin/make -f CMakeFiles/cmTC_976ec.dir/build.make CMakeFiles/cmTC_976ec.dir/build
make[1]: Entering directory '/home/dennis/Documents/phd/courses/topics-in-computer-graphics/project/code/repo/pbrt-v3/build/CMakeFiles/CMakeTmp'
Building C object CMakeFiles/cmTC_976ec.dir/CheckFunctionExists.c.o
/usr/bin/cc   -DCHECK_FUNCTION_EXISTS=pthread_create   -o CMakeFiles/cmTC_976ec.dir/CheckFunctionExists.c.o   -c /usr/share/cmake-3.12/Modules/CheckFunctionExists.c
Linking C executable cmTC_976ec
/usr/bin/cmake -E cmake_link_script CMakeFiles/cmTC_976ec.dir/link.txt --verbose=1
/usr/bin/cc  -DCHECK_FUNCTION_EXISTS=pthread_create    -rdynamic CMakeFiles/cmTC_976ec.dir/CheckFunctionExists.c.o  -o cmTC_976ec -lpthreads 
/usr/bin/ld: cannot find -lpthreads
collect2: error: ld returned 1 exit status
make[1]: *** [CMakeFiles/cmTC_976ec.dir/build.make:87: cmTC_976ec] Error 1
make[1]: Leaving directory '/home/dennis/Documents/phd/courses/topics-in-computer-graphics/project/code/repo/pbrt-v3/build/CMakeFiles/CMakeTmp'
make: *** [Makefile:121: cmTC_976ec/fast] Error 2


Performing C++ SOURCE FILE Test HAVE_DECLSPEC_NOINLINE failed with the following output:
Change Dir: /home/dennis/Documents/phd/courses/topics-in-computer-graphics/project/code/repo/pbrt-v3/build/CMakeFiles/CMakeTmp

Run Build Command:"/usr/bin/make" "cmTC_78ec3/fast"
/usr/bin/make -f CMakeFiles/cmTC_78ec3.dir/build.make CMakeFiles/cmTC_78ec3.dir/build
make[1]: Entering directory '/home/dennis/Documents/phd/courses/topics-in-computer-graphics/project/code/repo/pbrt-v3/build/CMakeFiles/CMakeTmp'
Building CXX object CMakeFiles/cmTC_78ec3.dir/src.cxx.o
/usr/bin/c++    -std=gnu++11 -Wno-conversion-null -DHAVE_DECLSPEC_NOINLINE   -o CMakeFiles/cmTC_78ec3.dir/src.cxx.o -c /home/dennis/Documents/phd/courses/topics-in-computer-graphics/project/code/repo/pbrt-v3/build/CMakeFiles/CMakeTmp/src.cxx
/home/dennis/Documents/phd/courses/topics-in-computer-graphics/project/code/repo/pbrt-v3/build/CMakeFiles/CMakeTmp/src.cxx:1:11: error: expected constructor, destructor, or type conversion before ‘(’ token
 __declspec(noinline) void foo() { }
           ^
make[1]: *** [CMakeFiles/cmTC_78ec3.dir/build.make:66: CMakeFiles/cmTC_78ec3.dir/src.cxx.o] Error 1
make[1]: Leaving directory '/home/dennis/Documents/phd/courses/topics-in-computer-graphics/project/code/repo/pbrt-v3/build/CMakeFiles/CMakeTmp'
make: *** [Makefile:121: cmTC_78ec3/fast] Error 2

Source file was:
__declspec(noinline) void foo() { }
int main() { }
Performing C++ SOURCE FILE Test HAVE__ALIGNED_MALLOC failed with the following output:
Change Dir: /home/dennis/Documents/phd/courses/topics-in-computer-graphics/project/code/repo/pbrt-v3/build/CMakeFiles/CMakeTmp

Run Build Command:"/usr/bin/make" "cmTC_ccd77/fast"
/usr/bin/make -f CMakeFiles/cmTC_ccd77.dir/build.make CMakeFiles/cmTC_ccd77.dir/build
make[1]: Entering directory '/home/dennis/Documents/phd/courses/topics-in-computer-graphics/project/code/repo/pbrt-v3/build/CMakeFiles/CMakeTmp'
Building CXX object CMakeFiles/cmTC_ccd77.dir/src.cxx.o
/usr/bin/c++    -std=gnu++11 -Wno-conversion-null -DHAVE__ALIGNED_MALLOC   -o CMakeFiles/cmTC_ccd77.dir/src.cxx.o -c /home/dennis/Documents/phd/courses/topics-in-computer-graphics/project/code/repo/pbrt-v3/build/CMakeFiles/CMakeTmp/src.cxx
/home/dennis/Documents/phd/courses/topics-in-computer-graphics/project/code/repo/pbrt-v3/build/CMakeFiles/CMakeTmp/src.cxx: In function ‘int main()’:
/home/dennis/Documents/phd/courses/topics-in-computer-graphics/project/code/repo/pbrt-v3/build/CMakeFiles/CMakeTmp/src.cxx:3:27: error: ‘_aligned_malloc’ was not declared in this scope
 int main() { void * ptr = _aligned_malloc(1024, 32); }
                           ^~~~~~~~~~~~~~~
/home/dennis/Documents/phd/courses/topics-in-computer-graphics/project/code/repo/pbrt-v3/build/CMakeFiles/CMakeTmp/src.cxx:3:27: note: suggested alternative: ‘__builtin_malloc’
 int main() { void * ptr = _aligned_malloc(1024, 32); }
                           ^~~~~~~~~~~~~~~
                           __builtin_malloc
make[1]: *** [CMakeFiles/cmTC_ccd77.dir/build.make:66: CMakeFiles/cmTC_ccd77.dir/src.cxx.o] Error 1
make[1]: Leaving directory '/home/dennis/Documents/phd/courses/topics-in-computer-graphics/project/code/repo/pbrt-v3/build/CMakeFiles/CMakeTmp'
make: *** [Makefile:121: cmTC_ccd77/fast] Error 2

Source file was:

#include <malloc.h>
int main() { void * ptr = _aligned_malloc(1024, 32); }

Performing C++ SOURCE FILE Test HAVE_DECLSPEC_THREAD failed with the following output:
Change Dir: /home/dennis/Documents/phd/courses/topics-in-computer-graphics/project/code/repo/pbrt-v3/build/CMakeFiles/CMakeTmp

Run Build Command:"/usr/bin/make" "cmTC_d954d/fast"
/usr/bin/make -f CMakeFiles/cmTC_d954d.dir/build.make CMakeFiles/cmTC_d954d.dir/build
make[1]: Entering directory '/home/dennis/Documents/phd/courses/topics-in-computer-graphics/project/code/repo/pbrt-v3/build/CMakeFiles/CMakeTmp'
Building CXX object CMakeFiles/cmTC_d954d.dir/src.cxx.o
/usr/bin/c++    -std=gnu++11 -Wno-conversion-null -DHAVE_DECLSPEC_THREAD   -o CMakeFiles/cmTC_d954d.dir/src.cxx.o -c /home/dennis/Documents/phd/courses/topics-in-computer-graphics/project/code/repo/pbrt-v3/build/CMakeFiles/CMakeTmp/src.cxx
/home/dennis/Documents/phd/courses/topics-in-computer-graphics/project/code/repo/pbrt-v3/build/CMakeFiles/CMakeTmp/src.cxx:2:11: error: expected constructor, destructor, or type conversion before ‘(’ token
 __declspec(thread) int x; int main() { }
           ^
make[1]: *** [CMakeFiles/cmTC_d954d.dir/build.make:66: CMakeFiles/cmTC_d954d.dir/src.cxx.o] Error 1
make[1]: Leaving directory '/home/dennis/Documents/phd/courses/topics-in-computer-graphics/project/code/repo/pbrt-v3/build/CMakeFiles/CMakeTmp'
make: *** [Makefile:121: cmTC_d954d/fast] Error 2

Source file was:

__declspec(thread) int x; int main() { }

Determining if the include file libunwind.h exists failed with the following output:
Change Dir: /home/dennis/Documents/phd/courses/topics-in-computer-graphics/project/code/repo/pbrt-v3/build/CMakeFiles/CMakeTmp

Run Build Command:"/usr/bin/make" "cmTC_c6f49/fast"
/usr/bin/make -f CMakeFiles/cmTC_c6f49.dir/build.make CMakeFiles/cmTC_c6f49.dir/build
make[1]: Entering directory '/home/dennis/Documents/phd/courses/topics-in-computer-graphics/project/code/repo/pbrt-v3/build/CMakeFiles/CMakeTmp'
Building C object CMakeFiles/cmTC_c6f49.dir/CheckIncludeFile.c.o
/usr/bin/cc    -o CMakeFiles/cmTC_c6f49.dir/CheckIncludeFile.c.o   -c /home/dennis/Documents/phd/courses/topics-in-computer-graphics/project/code/repo/pbrt-v3/build/CMakeFiles/CMakeTmp/CheckIncludeFile.c
/home/dennis/Documents/phd/courses/topics-in-computer-graphics/project/code/repo/pbrt-v3/build/CMakeFiles/CMakeTmp/CheckIncludeFile.c:1:10: fatal error: libunwind.h: No such file or directory
 #include <libunwind.h>
          ^~~~~~~~~~~~~
compilation terminated.
make[1]: *** [CMakeFiles/cmTC_c6f49.dir/build.make:66: CMakeFiles/cmTC_c6f49.dir/CheckIncludeFile.c.o] Error 1
make[1]: Leaving directory '/home/dennis/Documents/phd/courses/topics-in-computer-graphics/project/code/repo/pbrt-v3/build/CMakeFiles/CMakeTmp'
make: *** [Makefile:121: cmTC_c6f49/fast] Error 2


Determining size of unsigned __int16 failed with the following output:
Change Dir: /home/dennis/Documents/phd/courses/topics-in-computer-graphics/project/code/repo/pbrt-v3/build/CMakeFiles/CMakeTmp

Run Build Command:"/usr/bin/make" "cmTC_d01c6/fast"
/usr/bin/make -f CMakeFiles/cmTC_d01c6.dir/build.make CMakeFiles/cmTC_d01c6.dir/build
make[1]: Entering directory '/home/dennis/Documents/phd/courses/topics-in-computer-graphics/project/code/repo/pbrt-v3/build/CMakeFiles/CMakeTmp'
Building C object CMakeFiles/cmTC_d01c6.dir/HAVE___UINT16.c.o
/usr/bin/cc    -o CMakeFiles/cmTC_d01c6.dir/HAVE___UINT16.c.o   -c /home/dennis/Documents/phd/courses/topics-in-computer-graphics/project/code/repo/pbrt-v3/build/CMakeFiles/CheckTypeSize/HAVE___UINT16.c
/home/dennis/Documents/phd/courses/topics-in-computer-graphics/project/code/repo/pbrt-v3/build/CMakeFiles/CheckTypeSize/HAVE___UINT16.c:23:31: error: expected ‘)’ before ‘__int16’
 #define SIZE (sizeof(unsigned __int16))
                     ~         ^~~~~~~
/home/dennis/Documents/phd/courses/topics-in-computer-graphics/project/code/repo/pbrt-v3/build/CMakeFiles/CheckTypeSize/HAVE___UINT16.c:25:12: note: in expansion of macro ‘SIZE’
   ('0' + ((SIZE / 10000)%10)),
            ^~~~
/home/dennis/Documents/phd/courses/topics-in-computer-graphics/project/code/repo/pbrt-v3/build/CMakeFiles/CheckTypeSize/HAVE___UINT16.c:23:31: error: expected ‘)’ before ‘__int16’
 #define SIZE (sizeof(unsigned __int16))
                     ~         ^~~~~~~
/home/dennis/Documents/phd/courses/topics-in-computer-graphics/project/code/repo/pbrt-v3/build/CMakeFiles/CheckTypeSize/HAVE___UINT16.c:26:12: note: in expansion of macro ‘SIZE’
   ('0' + ((SIZE / 1000)%10)),
            ^~~~
/home/dennis/Documents/phd/courses/topics-in-computer-graphics/project/code/repo/pbrt-v3/build/CMakeFiles/CheckTypeSize/HAVE___UINT16.c:23:31: error: expected ‘)’ before ‘__int16’
 #define SIZE (sizeof(unsigned __int16))
                     ~         ^~~~~~~
/home/dennis/Documents/phd/courses/topics-in-computer-graphics/project/code/repo/pbrt-v3/build/CMakeFiles/CheckTypeSize/HAVE___UINT16.c:27:12: note: in expansion of macro ‘SIZE’
   ('0' + ((SIZE / 100)%10)),
            ^~~~
/home/dennis/Documents/phd/courses/topics-in-computer-graphics/project/code/repo/pbrt-v3/build/CMakeFiles/CheckTypeSize/HAVE___UINT16.c:23:31: error: expected ‘)’ before ‘__int16’
 #define SIZE (sizeof(unsigned __int16))
                     ~         ^~~~~~~
/home/dennis/Documents/phd/courses/topics-in-computer-graphics/project/code/repo/pbrt-v3/build/CMakeFiles/CheckTypeSize/HAVE___UINT16.c:28:12: note: in expansion of macro ‘SIZE’
   ('0' + ((SIZE / 10)%10)),
            ^~~~
/home/dennis/Documents/phd/courses/topics-in-computer-graphics/project/code/repo/pbrt-v3/build/CMakeFiles/CheckTypeSize/HAVE___UINT16.c:23:31: error: expected ‘)’ before ‘__int16’
 #define SIZE (sizeof(unsigned __int16))
                     ~         ^~~~~~~
/home/dennis/Documents/phd/courses/topics-in-computer-graphics/project/code/repo/pbrt-v3/build/CMakeFiles/CheckTypeSize/HAVE___UINT16.c:29:12: note: in expansion of macro ‘SIZE’
   ('0' +  (SIZE    % 10)),
            ^~~~
make[1]: *** [CMakeFiles/cmTC_d01c6.dir/build.make:66: CMakeFiles/cmTC_d01c6.dir/HAVE___UINT16.c.o] Error 1
make[1]: Leaving directory '/home/dennis/Documents/phd/courses/topics-in-computer-graphics/project/code/repo/pbrt-v3/build/CMakeFiles/CMakeTmp'
make: *** [Makefile:121: cmTC_d01c6/fast] Error 2

/home/dennis/Documents/phd/courses/topics-in-computer-graphics/project/code/repo/pbrt-v3/build/CMakeFiles/CheckTypeSize/HAVE___UINT16.c:
#include <sys/types.h>
#include <stdint.h>
#include <stddef.h>


#undef KEY
#if defined(__i386)
# define KEY '_','_','i','3','8','6'
#elif defined(__x86_64)
# define KEY '_','_','x','8','6','_','6','4'
#elif defined(__ppc__)
# define KEY '_','_','p','p','c','_','_'
#elif defined(__ppc64__)
# define KEY '_','_','p','p','c','6','4','_','_'
#elif defined(__aarch64__)
# define KEY '_','_','a','a','r','c','h','6','4','_','_'
#elif defined(__ARM_ARCH_7A__)
# define KEY '_','_','A','R','M','_','A','R','C','H','_','7','A','_','_'
#elif defined(__ARM_ARCH_7S__)
# define KEY '_','_','A','R','M','_','A','R','C','H','_','7','S','_','_'
#endif

#define SIZE (sizeof(unsigned __int16))
char info_size[] =  {'I', 'N', 'F', 'O', ':', 's','i','z','e','[',
  ('0' + ((SIZE / 10000)%10)),
  ('0' + ((SIZE / 1000)%10)),
  ('0' + ((SIZE / 100)%10)),
  ('0' + ((SIZE / 10)%10)),
  ('0' +  (SIZE    % 10)),
  ']',
#ifdef KEY
  ' ','k','e','y','[', KEY, ']',
#endif
  '\0'};

#ifdef __CLASSIC_C__
int main(argc, argv) int argc; char *argv[];
#else
int main(int argc, char *argv[])
#endif
{
  int require = 0;
  require += info_size[argc];
  (void)argv;
  return require;
}


Determining if the function dladdr exists failed with the following output:
Change Dir: /home/dennis/Documents/phd/courses/topics-in-computer-graphics/project/code/repo/pbrt-v3/build/CMakeFiles/CMakeTmp

Run Build Command:"/usr/bin/make" "cmTC_1c064/fast"
/usr/bin/make -f CMakeFiles/cmTC_1c064.dir/build.make CMakeFiles/cmTC_1c064.dir/build
make[1]: Entering directory '/home/dennis/Documents/phd/courses/topics-in-computer-graphics/project/code/repo/pbrt-v3/build/CMakeFiles/CMakeTmp'
Building C object CMakeFiles/cmTC_1c064.dir/CheckFunctionExists.c.o
/usr/bin/cc   -DCHECK_FUNCTION_EXISTS=dladdr   -o CMakeFiles/cmTC_1c064.dir/CheckFunctionExists.c.o   -c /usr/share/cmake-3.12/Modules/CheckFunctionExists.c
Linking C executable cmTC_1c064
/usr/bin/cmake -E cmake_link_script CMakeFiles/cmTC_1c064.dir/link.txt --verbose=1
/usr/bin/cc  -DCHECK_FUNCTION_EXISTS=dladdr    -rdynamic CMakeFiles/cmTC_1c064.dir/CheckFunctionExists.c.o  -o cmTC_1c064 
/usr/bin/ld: CMakeFiles/cmTC_1c064.dir/CheckFunctionExists.c.o: in function `main':
CheckFunctionExists.c:(.text+0x10): undefined reference to `dladdr'
collect2: error: ld returned 1 exit status
make[1]: *** [CMakeFiles/cmTC_1c064.dir/build.make:87: cmTC_1c064] Error 1
make[1]: Leaving directory '/home/dennis/Documents/phd/courses/topics-in-computer-graphics/project/code/repo/pbrt-v3/build/CMakeFiles/CMakeTmp'
make: *** [Makefile:121: cmTC_1c064/fast] Error 2


Determining if the function get_static_proc_name exists in the unwind failed with the following output:
Change Dir: /home/dennis/Documents/phd/courses/topics-in-computer-graphics/project/code/repo/pbrt-v3/build/CMakeFiles/CMakeTmp

Run Build Command:"/usr/bin/make" "cmTC_8053c/fast"
/usr/bin/make -f CMakeFiles/cmTC_8053c.dir/build.make CMakeFiles/cmTC_8053c.dir/build
make[1]: Entering directory '/home/dennis/Documents/phd/courses/topics-in-computer-graphics/project/code/repo/pbrt-v3/build/CMakeFiles/CMakeTmp'
Building C object CMakeFiles/cmTC_8053c.dir/CheckFunctionExists.c.o
/usr/bin/cc   -DCHECK_FUNCTION_EXISTS=get_static_proc_name   -o CMakeFiles/cmTC_8053c.dir/CheckFunctionExists.c.o   -c /usr/share/cmake-3.12/Modules/CheckFunctionExists.c
Linking C executable cmTC_8053c
/usr/bin/cmake -E cmake_link_script CMakeFiles/cmTC_8053c.dir/link.txt --verbose=1
/usr/bin/cc  -DCHECK_FUNCTION_EXISTS=get_static_proc_name    -rdynamic CMakeFiles/cmTC_8053c.dir/CheckFunctionExists.c.o  -o cmTC_8053c -lunwind 
/usr/bin/ld: cannot find -lunwind
collect2: error: ld returned 1 exit status
make[1]: *** [CMakeFiles/cmTC_8053c.dir/build.make:87: cmTC_8053c] Error 1
make[1]: Leaving directory '/home/dennis/Documents/phd/courses/topics-in-computer-graphics/project/code/repo/pbrt-v3/build/CMakeFiles/CMakeTmp'
make: *** [Makefile:121: cmTC_8053c/fast] Error 2


Performing C SOURCE FILE Test HAVE_RWLOCK failed with the following output:
Change Dir: /home/dennis/Documents/phd/courses/topics-in-computer-graphics/project/code/repo/pbrt-v3/build/CMakeFiles/CMakeTmp

Run Build Command:"/usr/bin/make" "cmTC_0dfe5/fast"
/usr/bin/make -f CMakeFiles/cmTC_0dfe5.dir/build.make CMakeFiles/cmTC_0dfe5.dir/build
make[1]: Entering directory '/home/dennis/Documents/phd/courses/topics-in-computer-graphics/project/code/repo/pbrt-v3/build/CMakeFiles/CMakeTmp'
Building C object CMakeFiles/cmTC_0dfe5.dir/src.c.o
/usr/bin/cc   -DHAVE_RWLOCK   -o CMakeFiles/cmTC_0dfe5.dir/src.c.o   -c /home/dennis/Documents/phd/courses/topics-in-computer-graphics/project/code/repo/pbrt-v3/build/CMakeFiles/CMakeTmp/src.c
Linking C executable cmTC_0dfe5
/usr/bin/cmake -E cmake_link_script CMakeFiles/cmTC_0dfe5.dir/link.txt --verbose=1
/usr/bin/cc  -DHAVE_RWLOCK    -rdynamic CMakeFiles/cmTC_0dfe5.dir/src.c.o  -o cmTC_0dfe5 
/usr/bin/ld: CMakeFiles/cmTC_0dfe5.dir/src.c.o: in function `main':
src.c:(.text+0x24): undefined reference to `pthread_rwlock_init'
/usr/bin/ld: src.c:(.text+0x30): undefined reference to `pthread_rwlock_rdlock'
collect2: error: ld returned 1 exit status
make[1]: *** [CMakeFiles/cmTC_0dfe5.dir/build.make:87: cmTC_0dfe5] Error 1
make[1]: Leaving directory '/home/dennis/Documents/phd/courses/topics-in-computer-graphics/project/code/repo/pbrt-v3/build/CMakeFiles/CMakeTmp'
make: *** [Makefile:121: cmTC_0dfe5/fast] Error 2

Source file was:

#define _XOPEN_SOURCE 500
#include <pthread.h>
int main(void)
{
  pthread_rwlock_t l;
  pthread_rwlock_init(&l, NULL);
  pthread_rwlock_rdlock(&l);
  return 0;
}

Performing C SOURCE FILE Test HAVE___DECLSPEC failed with the following output:
Change Dir: /home/dennis/Documents/phd/courses/topics-in-computer-graphics/project/code/repo/pbrt-v3/build/CMakeFiles/CMakeTmp

Run Build Command:"/usr/bin/make" "cmTC_f174f/fast"
/usr/bin/make -f CMakeFiles/cmTC_f174f.dir/build.make CMakeFiles/cmTC_f174f.dir/build
make[1]: Entering directory '/home/dennis/Documents/phd/courses/topics-in-computer-graphics/project/code/repo/pbrt-v3/build/CMakeFiles/CMakeTmp'
Building C object CMakeFiles/cmTC_f174f.dir/src.c.o
/usr/bin/cc   -DHAVE___DECLSPEC   -o CMakeFiles/cmTC_f174f.dir/src.c.o   -c /home/dennis/Documents/phd/courses/topics-in-computer-graphics/project/code/repo/pbrt-v3/build/CMakeFiles/CMakeTmp/src.c
/home/dennis/Documents/phd/courses/topics-in-computer-graphics/project/code/repo/pbrt-v3/build/CMakeFiles/CMakeTmp/src.c:2:1: warning: return type defaults to ‘int’ [-Wimplicit-int]
 __declspec(selectany) int a;
 ^~~~~~~~~~
/home/dennis/Documents/phd/courses/topics-in-computer-graphics/project/code/repo/pbrt-v3/build/CMakeFiles/CMakeTmp/src.c: In function ‘__declspec’:
/home/dennis/Documents/phd/courses/topics-in-computer-graphics/project/code/repo/pbrt-v3/build/CMakeFiles/CMakeTmp/src.c:3:16: error: expected ‘=’, ‘,’, ‘;’, ‘asm’ or ‘__attribute__’ before ‘{’ token
 int main(void) { return 0; }
                ^
/home/dennis/Documents/phd/courses/topics-in-computer-graphics/project/code/repo/pbrt-v3/build/CMakeFiles/CMakeTmp/src.c:2:1: warning: type of ‘selectany’ defaults to ‘int’ [-Wimplicit-int]
 __declspec(selectany) int a;
 ^~~~~~~~~~
/home/dennis/Documents/phd/courses/topics-in-computer-graphics/project/code/repo/pbrt-v3/build/CMakeFiles/CMakeTmp/src.c:2:27: error: declaration for parameter ‘a’ but no such parameter
 __declspec(selectany) int a;
                           ^
/home/dennis/Documents/phd/courses/topics-in-computer-graphics/project/code/repo/pbrt-v3/build/CMakeFiles/CMakeTmp/src.c:4: error: expected ‘{’ at end of input
 
 
make[1]: *** [CMakeFiles/cmTC_f174f.dir/build.make:66: CMakeFiles/cmTC_f174f.dir/src.c.o] Error 1
make[1]: Leaving directory '/home/dennis/Documents/phd/courses/topics-in-computer-graphics/project/code/repo/pbrt-v3/build/CMakeFiles/CMakeTmp'
make: *** [Makefile:121: cmTC_f174f/fast] Error 2

Source file was:

__declspec(selectany) int a;
int main(void) { return 0; }

Performing C++ SOURCE FILE Test STL_NO_NAMESPACE failed with the following output:
Change Dir: /home/dennis/Documents/phd/courses/topics-in-computer-graphics/project/code/repo/pbrt-v3/build/CMakeFiles/CMakeTmp

Run Build Command:"/usr/bin/make" "cmTC_f40bd/fast"
/usr/bin/make -f CMakeFiles/cmTC_f40bd.dir/build.make CMakeFiles/cmTC_f40bd.dir/build
make[1]: Entering directory '/home/dennis/Documents/phd/courses/topics-in-computer-graphics/project/code/repo/pbrt-v3/build/CMakeFiles/CMakeTmp'
Building CXX object CMakeFiles/cmTC_f40bd.dir/src.cxx.o
/usr/bin/c++    -std=gnu++11 -Wno-conversion-null -DSTL_NO_NAMESPACE   -o CMakeFiles/cmTC_f40bd.dir/src.cxx.o -c /home/dennis/Documents/phd/courses/topics-in-computer-graphics/project/code/repo/pbrt-v3/build/CMakeFiles/CMakeTmp/src.cxx
/home/dennis/Documents/phd/courses/topics-in-computer-graphics/project/code/repo/pbrt-v3/build/CMakeFiles/CMakeTmp/src.cxx:3:1: error: ‘vector’ does not name a type
 vector<int> t; int main() { }
 ^~~~~~
make[1]: *** [CMakeFiles/cmTC_f40bd.dir/build.make:66: CMakeFiles/cmTC_f40bd.dir/src.cxx.o] Error 1
make[1]: Leaving directory '/home/dennis/Documents/phd/courses/topics-in-computer-graphics/project/code/repo/pbrt-v3/build/CMakeFiles/CMakeTmp'
make: *** [Makefile:121: cmTC_f40bd/fast] Error 2

Source file was:

#include <vector>
vector<int> t; int main() { }

